<?xml version="1.0" encoding="UTF-8"?>
<!-- Generated by org.testng.reporters.JUnitReportReporter -->
<testsuite hostname="Jorges-MacBook-Pro-2.local" failures="0" tests="1" name="HerokuApp.DropdownTest" time="2.901" errors="0" timestamp="2024-09-06T02:05:50 PET" skipped="0">
  <testcase classname="HerokuApp.DropdownTest" name="dropdownTest" time="2.901"/>
</testsuite> <!-- HerokuApp.DropdownTest -->
