<?xml version="1.0" encoding="UTF-8"?>
<!-- Generated by org.testng.reporters.JUnitReportReporter -->
<testsuite hostname="Jorges-MacBook-Pro-2.local" failures="0" tests="1" name="HerokuApp.DataTablesTest" time="0.287" errors="0" timestamp="2024-09-06T02:05:50 PET" skipped="0">
  <testcase classname="HerokuApp.DataTablesTest" name="dataTableTest" time="0.287"/>
</testsuite> <!-- HerokuApp.DataTablesTest -->
